# JRE version: OpenJDK Runtime Environment Corretto-17.0.12.7.1 (17.0.12+7) (build 17.0.12+7-LTS)
# Java VM: OpenJDK 64-Bit Server VM Corretto-17.0.12.7.1 (17.0.12+7-LTS, mixed mode, sharing, tiered, compressed oops, compressed class ptrs, g1 gc, windows-amd64)
GC Precious Log:
 CPUs: 4 total, 4 available
 Memory: 6086M
 Large Page Support: Disabled
 NUMA Support: Disabled
 Compressed Oops: Enabled (32-bit)
 Heap Region Size: 1M
 Heap Min Capacity: 8M
 Heap Initial Capacity: 96M
 Heap Max Capacity: 1522M
 Pre-touch: Disabled
 Parallel Workers: 4
 Concurrent Workers: 1
 Concurrent Refinement Workers: 4
 Periodic GC: Disabled
Heap:
 garbage-first heap   total 51200K, used 28969K [0x00000000a0e00000, 0x0000000100000000)
  region size 1024K, 11 young (11264K), 2 survivors (2048K)
 Metaspace       used 37124K, committed 37568K, reserved 1114112K
  class space    used 4840K, committed 5056K, reserved 1048576K
GC Heap History (18 events):
Event: 0.986 GC heap before
{Heap before GC invocations=0 (full 0):
 garbage-first heap   total 98304K, used 15360K [0x00000000a0e00000, 0x0000000100000000)
  region size 1024K, 13 young (13312K), 0 survivors (0K)
 Metaspace       used 3026K, committed 3200K, reserved 1114112K
  class space    used 294K, committed 384K, reserved 1048576K
}
Event: 0.993 GC heap after
{Heap after GC invocations=1 (full 0):
 garbage-first heap   total 98304K, used 6324K [0x00000000a0e00000, 0x0000000100000000)
  region size 1024K, 2 young (2048K), 2 survivors (2048K)
 Metaspace       used 3026K, committed 3200K, reserved 1114112K
  class space    used 294K, committed 384K, reserved 1048576K
}
Event: 1.631 GC heap before
{Heap before GC invocations=1 (full 0):
 garbage-first heap   total 98304K, used 18612K [0x00000000a0e00000, 0x0000000100000000)
  region size 1024K, 14 young (14336K), 2 survivors (2048K)
 Metaspace       used 6520K, committed 6720K, reserved 1114112K
  class space    used 775K, committed 896K, reserved 1048576K
}
Event: 1.639 GC heap after
{Heap after GC invocations=2 (full 0):
 garbage-first heap   total 98304K, used 7384K [0x00000000a0e00000, 0x0000000100000000)
  region size 1024K, 2 young (2048K), 2 survivors (2048K)
 Metaspace       used 6520K, committed 6720K, reserved 1114112K
  class space    used 775K, committed 896K, reserved 1048576K
}
Event: 3.866 GC heap before
{Heap before GC invocations=2 (full 0):
 garbage-first heap   total 98304K, used 30936K [0x00000000a0e00000, 0x0000000100000000)
  region size 1024K, 26 young (26624K), 2 survivors (2048K)
 Metaspace       used 12019K, committed 12224K, reserved 1114112K
  class space    used 1615K, committed 1728K, reserved 1048576K
}
Event: 3.875 GC heap after
{Heap after GC invocations=3 (full 0):
 garbage-first heap   total 98304K, used 8929K [0x00000000a0e00000, 0x0000000100000000)
  region size 1024K, 3 young (3072K), 3 survivors (3072K)
 Metaspace       used 12019K, committed 12224K, reserved 1114112K
  class space    used 1615K, committed 1728K, reserved 1048576K
}
Event: 5.642 GC heap before
{Heap before GC invocations=3 (full 0):
 garbage-first heap   total 98304K, used 58081K [0x00000000a0e00000, 0x0000000100000000)
  region size 1024K, 53 young (54272K), 3 survivors (3072K)
 Metaspace       used 21272K, committed 21504K, reserved 1114112K
  class space    used 2688K, committed 2816K, reserved 1048576K
}
Event: 5.656 GC heap after
{Heap after GC invocations=4 (full 0):
 garbage-first heap   total 98304K, used 13265K [0x00000000a0e00000, 0x0000000100000000)
  region size 1024K, 7 young (7168K), 7 survivors (7168K)
 Metaspace       used 21272K, committed 21504K, reserved 1114112K
  class space    used 2688K, committed 2816K, reserved 1048576K
}
Event: 6.961 GC heap before
{Heap before GC invocations=5 (full 0):
 garbage-first heap   total 51200K, used 36817K [0x00000000a0e00000, 0x0000000100000000)
  region size 1024K, 30 young (30720K), 7 survivors (7168K)
 Metaspace       used 25347K, committed 25664K, reserved 1114112K
  class space    used 3246K, committed 3392K, reserved 1048576K
}
Event: 6.983 GC heap after
{Heap after GC invocations=6 (full 0):
 garbage-first heap   total 51200K, used 15231K [0x00000000a0e00000, 0x0000000100000000)
  region size 1024K, 3 young (3072K), 3 survivors (3072K)
 Metaspace       used 25347K, committed 25664K, reserved 1114112K
  class space    used 3246K, committed 3392K, reserved 1048576K
}
Event: 7.024 GC heap before
{Heap before GC invocations=6 (full 0):
 garbage-first heap   total 51200K, used 16255K [0x00000000a0e00000, 0x0000000100000000)
  region size 1024K, 4 young (4096K), 3 survivors (3072K)
 Metaspace       used 25511K, committed 25856K, reserved 1114112K
  class space    used 3289K, committed 3456K, reserved 1048576K
}
Event: 7.030 GC heap after
{Heap after GC invocations=7 (full 0):
 garbage-first heap   total 51200K, used 15856K [0x00000000a0e00000, 0x0000000100000000)
  region size 1024K, 1 young (1024K), 1 survivors (1024K)
 Metaspace       used 25511K, committed 25856K, reserved 1114112K
  class space    used 3289K, committed 3456K, reserved 1048576K
}
Event: 8.123 GC heap before
{Heap before GC invocations=7 (full 0):
 garbage-first heap   total 51200K, used 37360K [0x00000000a0e00000, 0x0000000100000000)
  region size 1024K, 21 young (21504K), 1 survivors (1024K)
 Metaspace       used 29563K, committed 30016K, reserved 1114112K
  class space    used 3799K, committed 4032K, reserved 1048576K
}
Event: 8.128 GC heap after
{Heap after GC invocations=8 (full 0):
 garbage-first heap   total 51200K, used 17436K [0x00000000a0e00000, 0x0000000100000000)
  region size 1024K, 3 young (3072K), 3 survivors (3072K)
 Metaspace       used 29563K, committed 30016K, reserved 1114112K
  class space    used 3799K, committed 4032K, reserved 1048576K
}
Event: 9.093 GC heap before
{Heap before GC invocations=8 (full 0):
 garbage-first heap   total 51200K, used 36892K [0x00000000a0e00000, 0x0000000100000000)
  region size 1024K, 22 young (22528K), 3 survivors (3072K)
 Metaspace       used 32931K, committed 33344K, reserved 1114112K
  class space    used 4334K, committed 4544K, reserved 1048576K
}
Event: 9.101 GC heap after
{Heap after GC invocations=9 (full 0):
 garbage-first heap   total 51200K, used 18948K [0x00000000a0e00000, 0x0000000100000000)
  region size 1024K, 2 young (2048K), 2 survivors (2048K)
 Metaspace       used 32931K, committed 33344K, reserved 1114112K
  class space    used 4334K, committed 4544K, reserved 1048576K
}
Event: 9.564 GC heap before
{Heap before GC invocations=9 (full 0):
 garbage-first heap   total 51200K, used 28164K [0x00000000a0e00000, 0x0000000100000000)
  region size 1024K, 12 young (12288K), 2 survivors (2048K)
 Metaspace       used 35763K, committed 36160K, reserved 1114112K
  class space    used 4671K, committed 4864K, reserved 1048576K
}
Event: 9.570 GC heap after
{Heap after GC invocations=10 (full 0):
 garbage-first heap   total 51200K, used 20777K [0x00000000a0e00000, 0x0000000100000000)
  region size 1024K, 2 young (2048K), 2 survivors (2048K)
 Metaspace       used 35763K, committed 36160K, reserved 1114112K
  class space    used 4671K, committed 4864K, reserved 1048576K
}

