# JRE version: OpenJDK Runtime Environment Corretto-17.0.12.7.1 (17.0.12+7) (build 17.0.12+7-LTS)
# Java VM: OpenJDK 64-Bit Server VM Corretto-17.0.12.7.1 (17.0.12+7-LTS, mixed mode, sharing, tiered, compressed oops, compressed class ptrs, g1 gc, windows-amd64)
GC Precious Log:
 CPUs: 4 total, 4 available
 Memory: 6086M
 Large Page Support: Disabled
 NUMA Support: Disabled
 Compressed Oops: Enabled (32-bit)
 Heap Region Size: 1M
 Heap Min Capacity: 8M
 Heap Initial Capacity: 96M
 Heap Max Capacity: 1522M
 Pre-touch: Disabled
 Parallel Workers: 4
 Concurrent Workers: 1
 Concurrent Refinement Workers: 4
 Periodic GC: Disabled
Heap:
 garbage-first heap   total 63488K, used 36566K [0x00000000a0e00000, 0x0000000100000000)
  region size 1024K, 3 young (3072K), 2 survivors (2048K)
 Metaspace       used 72958K, committed 73536K, reserved 1114112K
  class space    used 9961K, committed 10240K, reserved 1048576K
GC Heap History (20 events):
Event: 25.425 GC heap before
{Heap before GC invocations=12 (full 0):
 garbage-first heap   total 58368K, used 44430K [0x00000000a0e00000, 0x0000000100000000)
  region size 1024K, 25 young (25600K), 3 survivors (3072K)
 Metaspace       used 47715K, committed 48256K, reserved 1114112K
  class space    used 6528K, committed 6784K, reserved 1048576K
}
Event: 25.430 GC heap after
{Heap after GC invocations=13 (full 0):
 garbage-first heap   total 58368K, used 24165K [0x00000000a0e00000, 0x0000000100000000)
  region size 1024K, 3 young (3072K), 3 survivors (3072K)
 Metaspace       used 47715K, committed 48256K, reserved 1114112K
  class space    used 6528K, committed 6784K, reserved 1048576K
}
Event: 26.277 GC heap before
{Heap before GC invocations=13 (full 0):
 garbage-first heap   total 58368K, used 45669K [0x00000000a0e00000, 0x0000000100000000)
  region size 1024K, 24 young (24576K), 3 survivors (3072K)
 Metaspace       used 53567K, committed 54144K, reserved 1114112K
  class space    used 7468K, committed 7744K, reserved 1048576K
}
Event: 26.283 GC heap after
{Heap after GC invocations=14 (full 0):
 garbage-first heap   total 58368K, used 25224K [0x00000000a0e00000, 0x0000000100000000)
  region size 1024K, 3 young (3072K), 3 survivors (3072K)
 Metaspace       used 53567K, committed 54144K, reserved 1114112K
  class space    used 7468K, committed 7744K, reserved 1048576K
}
Event: 27.826 GC heap before
{Heap before GC invocations=14 (full 0):
 garbage-first heap   total 58368K, used 44680K [0x00000000a0e00000, 0x0000000100000000)
  region size 1024K, 23 young (23552K), 3 survivors (3072K)
 Metaspace       used 57949K, committed 58432K, reserved 1114112K
  class space    used 8022K, committed 8256K, reserved 1048576K
}
Event: 27.837 GC heap after
{Heap after GC invocations=15 (full 0):
 garbage-first heap   total 58368K, used 26997K [0x00000000a0e00000, 0x0000000100000000)
  region size 1024K, 3 young (3072K), 3 survivors (3072K)
 Metaspace       used 57949K, committed 58432K, reserved 1114112K
  class space    used 8022K, committed 8256K, reserved 1048576K
}
Event: 30.508 GC heap before
{Heap before GC invocations=15 (full 0):
 garbage-first heap   total 58368K, used 39285K [0x00000000a0e00000, 0x0000000100000000)
  region size 1024K, 16 young (16384K), 3 survivors (3072K)
 Metaspace       used 59655K, committed 60096K, reserved 1114112K
  class space    used 8239K, committed 8448K, reserved 1048576K
}
Event: 30.514 GC heap after
{Heap after GC invocations=16 (full 0):
 garbage-first heap   total 58368K, used 28491K [0x00000000a0e00000, 0x0000000100000000)
  region size 1024K, 2 young (2048K), 2 survivors (2048K)
 Metaspace       used 59655K, committed 60096K, reserved 1114112K
  class space    used 8239K, committed 8448K, reserved 1048576K
}
Event: 32.819 GC heap before
{Heap before GC invocations=17 (full 0):
 garbage-first heap   total 58368K, used 44875K [0x00000000a0e00000, 0x0000000100000000)
  region size 1024K, 19 young (19456K), 2 survivors (2048K)
 Metaspace       used 61214K, committed 61760K, reserved 1114112K
  class space    used 8518K, committed 8768K, reserved 1048576K
}
Event: 32.836 GC heap after
{Heap after GC invocations=18 (full 0):
 garbage-first heap   total 58368K, used 30135K [0x00000000a0e00000, 0x0000000100000000)
  region size 1024K, 3 young (3072K), 3 survivors (3072K)
 Metaspace       used 61214K, committed 61760K, reserved 1114112K
  class space    used 8518K, committed 8768K, reserved 1048576K
}
Event: 35.281 GC heap before
{Heap before GC invocations=19 (full 0):
 garbage-first heap   total 58368K, used 46519K [0x00000000a0e00000, 0x0000000100000000)
  region size 1024K, 19 young (19456K), 3 survivors (3072K)
 Metaspace       used 63934K, committed 64448K, reserved 1114112K
  class space    used 8843K, committed 9088K, reserved 1048576K
}
Event: 35.297 GC heap after
{Heap after GC invocations=20 (full 0):
 garbage-first heap   total 58368K, used 31706K [0x00000000a0e00000, 0x0000000100000000)
  region size 1024K, 2 young (2048K), 2 survivors (2048K)
 Metaspace       used 63934K, committed 64448K, reserved 1114112K
  class space    used 8843K, committed 9088K, reserved 1048576K
}
Event: 40.815 GC heap before
{Heap before GC invocations=20 (full 0):
 garbage-first heap   total 58368K, used 45018K [0x00000000a0e00000, 0x0000000100000000)
  region size 1024K, 16 young (16384K), 2 survivors (2048K)
 Metaspace       used 66513K, committed 67072K, reserved 1114112K
  class space    used 9227K, committed 9472K, reserved 1048576K
}
Event: 40.824 GC heap after
{Heap after GC invocations=21 (full 0):
 garbage-first heap   total 58368K, used 33615K [0x00000000a0e00000, 0x0000000100000000)
  region size 1024K, 2 young (2048K), 2 survivors (2048K)
 Metaspace       used 66513K, committed 67072K, reserved 1114112K
  class space    used 9227K, committed 9472K, reserved 1048576K
}
Event: 95.581 GC heap before
{Heap before GC invocations=22 (full 0):
 garbage-first heap   total 58368K, used 46927K [0x00000000a0e00000, 0x0000000100000000)
  region size 1024K, 15 young (15360K), 2 survivors (2048K)
 Metaspace       used 69893K, committed 70464K, reserved 1114112K
  class space    used 9640K, committed 9920K, reserved 1048576K
}
Event: 95.587 GC heap after
{Heap after GC invocations=23 (full 0):
 garbage-first heap   total 58368K, used 35192K [0x00000000a0e00000, 0x0000000100000000)
  region size 1024K, 2 young (2048K), 2 survivors (2048K)
 Metaspace       used 69893K, committed 70464K, reserved 1114112K
  class space    used 9640K, committed 9920K, reserved 1048576K
}
Event: 1354.429 GC heap before
{Heap before GC invocations=23 (full 0):
 garbage-first heap   total 58368K, used 46456K [0x00000000a0e00000, 0x0000000100000000)
  region size 1024K, 14 young (14336K), 2 survivors (2048K)
 Metaspace       used 72366K, committed 72896K, reserved 1114112K
  class space    used 9926K, committed 10176K, reserved 1048576K
}
Event: 1354.464 GC heap after
{Heap after GC invocations=24 (full 0):
 garbage-first heap   total 58368K, used 35794K [0x00000000a0e00000, 0x0000000100000000)
  region size 1024K, 1 young (1024K), 1 survivors (1024K)
 Metaspace       used 72366K, committed 72896K, reserved 1114112K
  class space    used 9926K, committed 10176K, reserved 1048576K
}
Event: 2984.609 GC heap before
{Heap before GC invocations=25 (full 0):
 garbage-first heap   total 63488K, used 46034K [0x00000000a0e00000, 0x0000000100000000)
  region size 1024K, 11 young (11264K), 1 survivors (1024K)
 Metaspace       used 72925K, committed 73536K, reserved 1114112K
  class space    used 9961K, committed 10240K, reserved 1048576K
}
Event: 2984.657 GC heap after
{Heap after GC invocations=26 (full 0):
 garbage-first heap   total 63488K, used 36566K [0x00000000a0e00000, 0x0000000100000000)
  region size 1024K, 2 young (2048K), 2 survivors (2048K)
 Metaspace       used 72925K, committed 73536K, reserved 1114112K
  class space    used 9961K, committed 10240K, reserved 1048576K
}

