# JRE version: OpenJDK Runtime Environment Corretto-17.0.12.7.1 (17.0.12+7) (build 17.0.12+7-LTS)
# Java VM: OpenJDK 64-Bit Server VM Corretto-17.0.12.7.1 (17.0.12+7-LTS, mixed mode, sharing, tiered, compressed oops, compressed class ptrs, g1 gc, windows-amd64)
GC Precious Log:
 CPUs: 4 total, 4 available
 Memory: 6086M
 Large Page Support: Disabled
 NUMA Support: Disabled
 Compressed Oops: Enabled (32-bit)
 Heap Region Size: 1M
 Heap Min Capacity: 8M
 Heap Initial Capacity: 96M
 Heap Max Capacity: 1522M
 Pre-touch: Disabled
 Parallel Workers: 4
 Concurrent Workers: 1
 Concurrent Refinement Workers: 4
 Periodic GC: Disabled
Heap:
 garbage-first heap   total 116736K, used 61930K [0x00000000a0e00000, 0x0000000100000000)
  region size 1024K, 32 young (32768K), 2 survivors (2048K)
 Metaspace       used 69144K, committed 69696K, reserved 1114112K
  class space    used 9495K, committed 9728K, reserved 1048576K
GC Heap History (20 events):
Event: 11.873 GC heap before
{Heap before GC invocations=8 (full 0):
 garbage-first heap   total 58368K, used 41820K [0x00000000a0e00000, 0x0000000100000000)
  region size 1024K, 22 young (22528K), 1 survivors (1024K)
 Metaspace       used 30656K, committed 31104K, reserved 1114112K
  class space    used 3992K, committed 4224K, reserved 1048576K
}
Event: 11.878 GC heap after
{Heap after GC invocations=9 (full 0):
 garbage-first heap   total 58368K, used 20443K [0x00000000a0e00000, 0x0000000100000000)
  region size 1024K, 2 young (2048K), 2 survivors (2048K)
 Metaspace       used 30656K, committed 31104K, reserved 1114112K
  class space    used 3992K, committed 4224K, reserved 1048576K
}
Event: 13.224 GC heap before
{Heap before GC invocations=9 (full 0):
 garbage-first heap   total 58368K, used 38875K [0x00000000a0e00000, 0x0000000100000000)
  region size 1024K, 22 young (22528K), 2 survivors (2048K)
 Metaspace       used 35570K, committed 35968K, reserved 1114112K
  class space    used 4712K, committed 4928K, reserved 1048576K
}
Event: 13.231 GC heap after
{Heap after GC invocations=10 (full 0):
 garbage-first heap   total 58368K, used 21527K [0x00000000a0e00000, 0x0000000100000000)
  region size 1024K, 2 young (2048K), 2 survivors (2048K)
 Metaspace       used 35570K, committed 35968K, reserved 1114112K
  class space    used 4712K, committed 4928K, reserved 1048576K
}
Event: 15.074 GC heap before
{Heap before GC invocations=11 (full 0):
 garbage-first heap   total 58368K, used 43031K [0x00000000a0e00000, 0x0000000100000000)
  region size 1024K, 24 young (24576K), 2 survivors (2048K)
 Metaspace       used 41422K, committed 41856K, reserved 1114112K
  class space    used 5594K, committed 5824K, reserved 1048576K
}
Event: 15.081 GC heap after
{Heap after GC invocations=12 (full 0):
 garbage-first heap   total 58368K, used 22976K [0x00000000a0e00000, 0x0000000100000000)
  region size 1024K, 3 young (3072K), 3 survivors (3072K)
 Metaspace       used 41422K, committed 41856K, reserved 1114112K
  class space    used 5594K, committed 5824K, reserved 1048576K
}
Event: 16.358 GC heap before
{Heap before GC invocations=12 (full 0):
 garbage-first heap   total 58368K, used 43456K [0x00000000a0e00000, 0x0000000100000000)
  region size 1024K, 24 young (24576K), 3 survivors (3072K)
 Metaspace       used 46344K, committed 46848K, reserved 1114112K
  class space    used 6239K, committed 6464K, reserved 1048576K
}
Event: 16.366 GC heap after
{Heap after GC invocations=13 (full 0):
 garbage-first heap   total 58368K, used 24171K [0x00000000a0e00000, 0x0000000100000000)
  region size 1024K, 2 young (2048K), 2 survivors (2048K)
 Metaspace       used 46344K, committed 46848K, reserved 1114112K
  class space    used 6239K, committed 6464K, reserved 1048576K
}
Event: 17.238 GC heap before
{Heap before GC invocations=13 (full 0):
 garbage-first heap   total 58368K, used 44651K [0x00000000a0e00000, 0x0000000100000000)
  region size 1024K, 22 young (22528K), 2 survivors (2048K)
 Metaspace       used 52492K, committed 52992K, reserved 1114112K
  class space    used 7290K, committed 7552K, reserved 1048576K
}
Event: 17.243 GC heap after
{Heap after GC invocations=14 (full 0):
 garbage-first heap   total 58368K, used 24931K [0x00000000a0e00000, 0x0000000100000000)
  region size 1024K, 3 young (3072K), 3 survivors (3072K)
 Metaspace       used 52492K, committed 52992K, reserved 1114112K
  class space    used 7290K, committed 7552K, reserved 1048576K
}
Event: 18.259 GC heap before
{Heap before GC invocations=14 (full 0):
 garbage-first heap   total 58368K, used 45411K [0x00000000a0e00000, 0x0000000100000000)
  region size 1024K, 23 young (23552K), 3 survivors (3072K)
 Metaspace       used 56856K, committed 57344K, reserved 1114112K
  class space    used 7871K, committed 8128K, reserved 1048576K
}
Event: 18.270 GC heap after
{Heap after GC invocations=15 (full 0):
 garbage-first heap   total 58368K, used 26643K [0x00000000a0e00000, 0x0000000100000000)
  region size 1024K, 3 young (3072K), 3 survivors (3072K)
 Metaspace       used 56856K, committed 57344K, reserved 1114112K
  class space    used 7871K, committed 8128K, reserved 1048576K
}
Event: 19.366 GC heap before
{Heap before GC invocations=15 (full 0):
 garbage-first heap   total 58368K, used 43027K [0x00000000a0e00000, 0x0000000100000000)
  region size 1024K, 20 young (20480K), 3 survivors (3072K)
 Metaspace       used 59794K, committed 60288K, reserved 1114112K
  class space    used 8258K, committed 8512K, reserved 1048576K
}
Event: 19.375 GC heap after
{Heap after GC invocations=16 (full 0):
 garbage-first heap   total 58368K, used 28449K [0x00000000a0e00000, 0x0000000100000000)
  region size 1024K, 2 young (2048K), 2 survivors (2048K)
 Metaspace       used 59794K, committed 60288K, reserved 1114112K
  class space    used 8258K, committed 8512K, reserved 1048576K
}
Event: 21.620 GC heap before
{Heap before GC invocations=17 (full 0):
 garbage-first heap   total 58368K, used 46881K [0x00000000a0e00000, 0x0000000100000000)
  region size 1024K, 20 young (20480K), 2 survivors (2048K)
 Metaspace       used 61252K, committed 61824K, reserved 1114112K
  class space    used 8527K, committed 8768K, reserved 1048576K
}
Event: 21.630 GC heap after
{Heap after GC invocations=18 (full 0):
 garbage-first heap   total 58368K, used 30113K [0x00000000a0e00000, 0x0000000100000000)
  region size 1024K, 2 young (2048K), 2 survivors (2048K)
 Metaspace       used 61252K, committed 61824K, reserved 1114112K
  class space    used 8527K, committed 8768K, reserved 1048576K
}
Event: 21.648 GC heap before
{Heap before GC invocations=18 (full 0):
 garbage-first heap   total 58368K, used 31137K [0x00000000a0e00000, 0x0000000100000000)
  region size 1024K, 3 young (3072K), 2 survivors (2048K)
 Metaspace       used 61258K, committed 61824K, reserved 1114112K
  class space    used 8529K, committed 8768K, reserved 1048576K
}
Event: 21.656 GC heap after
{Heap after GC invocations=19 (full 0):
 garbage-first heap   total 58368K, used 30295K [0x00000000a0e00000, 0x0000000100000000)
  region size 1024K, 1 young (1024K), 1 survivors (1024K)
 Metaspace       used 61258K, committed 61824K, reserved 1114112K
  class space    used 8529K, committed 8768K, reserved 1048576K
}
Event: 23.921 GC heap before
{Heap before GC invocations=19 (full 0):
 garbage-first heap   total 58368K, used 44631K [0x00000000a0e00000, 0x0000000100000000)
  region size 1024K, 16 young (16384K), 1 survivors (1024K)
 Metaspace       used 63935K, committed 64448K, reserved 1114112K
  class space    used 8844K, committed 9088K, reserved 1048576K
}
Event: 23.932 GC heap after
{Heap after GC invocations=20 (full 0):
 garbage-first heap   total 116736K, used 32234K [0x00000000a0e00000, 0x0000000100000000)
  region size 1024K, 2 young (2048K), 2 survivors (2048K)
 Metaspace       used 63935K, committed 64448K, reserved 1114112K
  class space    used 8844K, committed 9088K, reserved 1048576K
}

